Arguments: 
  /Users/rlakhanpal/.nvm/versions/node/v8.11.4/bin/node /Users/rlakhanpal/.nvm/versions/node/v8.11.4/bin/yarn add babel preset-react@6.24.1 babel-preset-env@1.5.2

PATH: 
  /Users/rlakhanpal/.nvm/versions/node/v8.11.4/bin:/usr/local/bin:/usr/bin:/bin:/usr/sbin:/sbin

Yarn version: 
  1.12.3

Node version: 
  8.11.4

Platform: 
  darwin x64

Trace: 
  Error: https://artifactory.prod.adnxs.net/artifactory/api/npm/npm/preset-react: not_found
      at Request.params.callback [as _callback] (/Users/rlakhanpal/.nvm/versions/node/v8.11.4/lib/node_modules/yarn/lib/cli.js:65894:18)
      at Request.self.callback (/Users/rlakhanpal/.nvm/versions/node/v8.11.4/lib/node_modules/yarn/lib/cli.js:129018:22)
      at emitTwo (events.js:126:13)
      at Request.emit (events.js:214:7)
      at Request.<anonymous> (/Users/rlakhanpal/.nvm/versions/node/v8.11.4/lib/node_modules/yarn/lib/cli.js:129990:10)
      at emitOne (events.js:116:13)
      at Request.emit (events.js:211:7)
      at IncomingMessage.<anonymous> (/Users/rlakhanpal/.nvm/versions/node/v8.11.4/lib/node_modules/yarn/lib/cli.js:129912:12)
      at Object.onceWrapper (events.js:313:30)
      at emitNone (events.js:111:20)

npm manifest: 
  {
    "name": "indecision",
    "version": "1.0.0",
    "main": "index.js",
    "license": "MIT"
  }

yarn manifest: 
  No manifest

Lockfile: 
  No lockfile
